[debug] [2021-07-16T06:26:59.402Z] ----------------------------------------------------------------------
[debug] [2021-07-16T06:26:59.404Z] Command:       /usr/local/Cellar/node/14.12.0/bin/node /usr/local/bin/firebase --debug deploy
[debug] [2021-07-16T06:26:59.405Z] CLI Version:   9.16.0
[debug] [2021-07-16T06:26:59.405Z] Platform:      darwin
[debug] [2021-07-16T06:26:59.405Z] Node Version:  v14.12.0
[debug] [2021-07-16T06:26:59.406Z] Time:          Fri Jul 16 2021 08:26:59 GMT+0200 (Mitteleuropäische Sommerzeit)
[debug] [2021-07-16T06:26:59.407Z] ----------------------------------------------------------------------
[debug] 
[debug] [2021-07-16T06:26:59.486Z] > command requires scopes: ["email","openid","https://www.googleapis.com/auth/cloudplatformprojects.readonly","https://www.googleapis.com/auth/firebase","https://www.googleapis.com/auth/cloud-platform"]
[debug] [2021-07-16T06:26:59.489Z] > authorizing via signed-in user (thomas.ebermann@datapeople.ch)
[debug] [2021-07-16T06:26:59.489Z] [iam] checking project oneplus-data for permissions ["cloudfunctions.functions.create","cloudfunctions.functions.delete","cloudfunctions.functions.get","cloudfunctions.functions.list","cloudfunctions.functions.update","cloudfunctions.operations.get","datastore.indexes.create","datastore.indexes.delete","datastore.indexes.list","datastore.indexes.update","firebase.projects.get","firebasehosting.sites.update","firebaserules.releases.create","firebaserules.releases.update","firebaserules.rulesets.create"]
[debug] [2021-07-16T06:26:59.492Z] > refreshing access token with scopes: ["email","https://www.googleapis.com/auth/cloud-platform","https://www.googleapis.com/auth/cloudplatformprojects.readonly","https://www.googleapis.com/auth/firebase","openid"]
[debug] [2021-07-16T06:26:59.493Z] >>> HTTP REQUEST POST https://www.googleapis.com/oauth2/v3/token  
 <request body omitted>
[debug] [2021-07-16T06:26:59.617Z] <<< HTTP RESPONSE 200 {"pragma":"no-cache","cache-control":"no-cache, no-store, max-age=0, must-revalidate","expires":"Mon, 01 Jan 1990 00:00:00 GMT","date":"Fri, 16 Jul 2021 06:26:59 GMT","content-type":"application/json; charset=utf-8","vary":"X-Origin, Referer, Origin,Accept-Encoding","server":"scaffolding on HTTPServer2","x-xss-protection":"0","x-frame-options":"SAMEORIGIN","x-content-type-options":"nosniff","alt-svc":"h3=\":443\"; ma=2592000,h3-29=\":443\"; ma=2592000,h3-T051=\":443\"; ma=2592000,h3-Q050=\":443\"; ma=2592000,h3-Q046=\":443\"; ma=2592000,h3-Q043=\":443\"; ma=2592000,quic=\":443\"; ma=2592000; v=\"46,43\"","accept-ranges":"none","transfer-encoding":"chunked"}
[debug] [2021-07-16T06:26:59.640Z] >>> HTTP REQUEST POST https://cloudresourcemanager.googleapis.com/v1/projects/oneplus-data:testIamPermissions  
 {"permissions":["cloudfunctions.functions.create","cloudfunctions.functions.delete","cloudfunctions.functions.get","cloudfunctions.functions.list","cloudfunctions.functions.update","cloudfunctions.operations.get","datastore.indexes.create","datastore.indexes.delete","datastore.indexes.list","datastore.indexes.update","firebase.projects.get","firebasehosting.sites.update","firebaserules.releases.create","firebaserules.releases.update","firebaserules.rulesets.create"]}
[debug] [2021-07-16T06:27:00.394Z] <<< HTTP RESPONSE 200 {"content-type":"application/json; charset=UTF-8","vary":"X-Origin, Referer, Origin,Accept-Encoding","date":"Fri, 16 Jul 2021 06:27:00 GMT","server":"ESF","cache-control":"private","x-xss-protection":"0","x-frame-options":"SAMEORIGIN","x-content-type-options":"nosniff","server-timing":"gfet4t7; dur=630","alt-svc":"h3=\":443\"; ma=2592000,h3-29=\":443\"; ma=2592000,h3-T051=\":443\"; ma=2592000,h3-Q050=\":443\"; ma=2592000,h3-Q046=\":443\"; ma=2592000,h3-Q043=\":443\"; ma=2592000,quic=\":443\"; ma=2592000; v=\"46,43\"","accept-ranges":"none","transfer-encoding":"chunked"}
[debug] [2021-07-16T06:27:00.396Z] >>> HTTP REQUEST POST https://iam.googleapis.com/v1/projects/oneplus-data/serviceAccounts/oneplus-data@appspot.gserviceaccount.com:testIamPermissions  
 {"permissions":["iam.serviceAccounts.actAs"]}
[debug] [2021-07-16T06:27:01.110Z] <<< HTTP RESPONSE 200 {"content-type":"application/json; charset=UTF-8","vary":"X-Origin, Referer, Origin,Accept-Encoding","date":"Fri, 16 Jul 2021 06:27:00 GMT","server":"ESF","cache-control":"private","x-xss-protection":"0","x-frame-options":"SAMEORIGIN","x-content-type-options":"nosniff","alt-svc":"h3=\":443\"; ma=2592000,h3-29=\":443\"; ma=2592000,h3-T051=\":443\"; ma=2592000,h3-Q050=\":443\"; ma=2592000,h3-Q046=\":443\"; ma=2592000,h3-Q043=\":443\"; ma=2592000,quic=\":443\"; ma=2592000; v=\"46,43\"","accept-ranges":"none","transfer-encoding":"chunked"}
[debug] [2021-07-16T06:27:01.112Z] > refreshing access token with scopes: []
[debug] [2021-07-16T06:27:01.113Z] >>> HTTP REQUEST POST https://www.googleapis.com/oauth2/v3/token  
 <request body omitted>
[debug] [2021-07-16T06:27:01.201Z] <<< HTTP RESPONSE 200 {"expires":"Mon, 01 Jan 1990 00:00:00 GMT","pragma":"no-cache","cache-control":"no-cache, no-store, max-age=0, must-revalidate","date":"Fri, 16 Jul 2021 06:27:01 GMT","content-type":"application/json; charset=utf-8","vary":"X-Origin, Referer, Origin,Accept-Encoding","server":"scaffolding on HTTPServer2","x-xss-protection":"0","x-frame-options":"SAMEORIGIN","x-content-type-options":"nosniff","alt-svc":"h3=\":443\"; ma=2592000,h3-29=\":443\"; ma=2592000,h3-T051=\":443\"; ma=2592000,h3-Q050=\":443\"; ma=2592000,h3-Q046=\":443\"; ma=2592000,h3-Q043=\":443\"; ma=2592000,quic=\":443\"; ma=2592000; v=\"46,43\"","accept-ranges":"none","transfer-encoding":"chunked"}
[debug] [2021-07-16T06:27:01.218Z] >>> [apiv2][query] GET https://firebase.googleapis.com/v1beta1/projects/oneplus-data [none]
[debug] [2021-07-16T06:27:01.425Z] <<< [apiv2][status] GET https://firebase.googleapis.com/v1beta1/projects/oneplus-data 200
[debug] [2021-07-16T06:27:01.426Z] <<< [apiv2][body] GET https://firebase.googleapis.com/v1beta1/projects/oneplus-data {"projectId":"oneplus-data","projectNumber":"614483658508","displayName":"oneplus-data","name":"projects/oneplus-data","resources":{"hostingSite":"oneplus-data","storageBucket":"oneplus-data.appspot.com","locationId":"europe-west6"},"state":"ACTIVE"}
[info] 
[info] === Deploying to 'oneplus-data'...
[info] 
[info] i  deploying storage, firestore, functions, hosting 
[info] Running command: npm --prefix "$RESOURCE_DIR" run build
[info] ✔  functions: Finished running predeploy script. 
[debug] [2021-07-16T06:27:08.588Z] > refreshing access token with scopes: ["email","https://www.googleapis.com/auth/cloud-platform","https://www.googleapis.com/auth/cloudplatformprojects.readonly","https://www.googleapis.com/auth/firebase","openid"]
[debug] [2021-07-16T06:27:08.588Z] >>> HTTP REQUEST POST https://www.googleapis.com/oauth2/v3/token  
 <request body omitted>
[debug] [2021-07-16T06:27:08.673Z] <<< HTTP RESPONSE 200 {"expires":"Mon, 01 Jan 1990 00:00:00 GMT","cache-control":"no-cache, no-store, max-age=0, must-revalidate","date":"Fri, 16 Jul 2021 06:27:08 GMT","pragma":"no-cache","content-type":"application/json; charset=utf-8","vary":"X-Origin, Referer, Origin,Accept-Encoding","server":"scaffolding on HTTPServer2","x-xss-protection":"0","x-frame-options":"SAMEORIGIN","x-content-type-options":"nosniff","alt-svc":"h3=\":443\"; ma=2592000,h3-29=\":443\"; ma=2592000,h3-T051=\":443\"; ma=2592000,h3-Q050=\":443\"; ma=2592000,h3-Q046=\":443\"; ma=2592000,h3-Q043=\":443\"; ma=2592000,quic=\":443\"; ma=2592000; v=\"46,43\"","accept-ranges":"none","transfer-encoding":"chunked"}
[debug] [2021-07-16T06:27:08.693Z] >>> HTTP REQUEST GET https://appengine.googleapis.com/v1/apps/oneplus-data  
 
[debug] [2021-07-16T06:27:08.853Z] <<< HTTP RESPONSE 200 {"content-type":"application/json; charset=UTF-8","vary":"X-Origin, Referer, Origin,Accept-Encoding","date":"Fri, 16 Jul 2021 06:27:08 GMT","server":"ESF","cache-control":"private","x-xss-protection":"0","x-frame-options":"SAMEORIGIN","x-content-type-options":"nosniff","alt-svc":"h3=\":443\"; ma=2592000,h3-29=\":443\"; ma=2592000,h3-T051=\":443\"; ma=2592000,h3-Q050=\":443\"; ma=2592000,h3-Q046=\":443\"; ma=2592000,h3-Q043=\":443\"; ma=2592000,quic=\":443\"; ma=2592000; v=\"46,43\"","accept-ranges":"none","transfer-encoding":"chunked"}
[info] i  firebase.storage: checking storage.rules for compilation errors... 
[debug] [2021-07-16T06:27:08.856Z] >>> HTTP REQUEST POST https://firebaserules.googleapis.com/v1/projects/oneplus-data:test  
 {"source":{"files":[{"name":"storage.rules","content":"rules_version = '2';\nservice firebase.storage {\n  match /b/{bucket}/o {\n    match /{allPaths=**} {\n      allow read, write: if request.auth!=null;\n    }\n  }\n}\n"}]}}
[debug] [2021-07-16T06:27:09.530Z] <<< HTTP RESPONSE 200 {"content-type":"application/json; charset=UTF-8","vary":"X-Origin, Referer, Origin,Accept-Encoding","date":"Fri, 16 Jul 2021 06:27:09 GMT","server":"ESF","cache-control":"private","x-xss-protection":"0","x-frame-options":"SAMEORIGIN","x-content-type-options":"nosniff","alt-svc":"h3=\":443\"; ma=2592000,h3-29=\":443\"; ma=2592000,h3-T051=\":443\"; ma=2592000,h3-Q050=\":443\"; ma=2592000,h3-Q046=\":443\"; ma=2592000,h3-Q043=\":443\"; ma=2592000,quic=\":443\"; ma=2592000; v=\"46,43\"","accept-ranges":"none","transfer-encoding":"chunked"}
[info] ✔  firebase.storage: rules file storage.rules compiled successfully 
[info] i  firestore: reading indexes from firestore.indexes.json... 
[info] i  cloud.firestore: checking firestore.rules for compilation errors... 
[debug] [2021-07-16T06:27:09.533Z] >>> HTTP REQUEST POST https://firebaserules.googleapis.com/v1/projects/oneplus-data:test  
 {"source":{"files":[{"name":"firestore.rules","content":"rules_version = '2';\nservice cloud.firestore {\n  match /databases/{database}/documents {\n    match /{document=**} {\n      allow read, write: if\n          request.time < timestamp.date(2021, 7, 24);\n    }\n  }\n}"}]}}
[debug] [2021-07-16T06:27:10.224Z] <<< HTTP RESPONSE 200 {"content-type":"application/json; charset=UTF-8","vary":"X-Origin, Referer, Origin,Accept-Encoding","date":"Fri, 16 Jul 2021 06:27:10 GMT","server":"ESF","cache-control":"private","x-xss-protection":"0","x-frame-options":"SAMEORIGIN","x-content-type-options":"nosniff","alt-svc":"h3=\":443\"; ma=2592000,h3-29=\":443\"; ma=2592000,h3-T051=\":443\"; ma=2592000,h3-Q050=\":443\"; ma=2592000,h3-Q046=\":443\"; ma=2592000,h3-Q043=\":443\"; ma=2592000,quic=\":443\"; ma=2592000; v=\"46,43\"","accept-ranges":"none","transfer-encoding":"chunked"}
[info] ✔  cloud.firestore: rules file firestore.rules compiled successfully 
[debug] [2021-07-16T06:27:10.229Z] Validating nodejs source
[debug] [2021-07-16T06:27:11.504Z] > [functions] package.json contents: {
  "name": "functions",
  "scripts": {
    "build": "tsc",
    "serve": "npm run build && firebase emulators:start --only functions",
    "shell": "npm run build && firebase functions:shell",
    "start": "npm run shell",
    "deploy": "firebase deploy --only functions",
    "logs": "firebase functions:log"
  },
  "engines": {
    "node": "14"
  },
  "main": "lib/index.js",
  "dependencies": {
    "@types/cors": "^2.8.12",
    "body-parser": "^1.19.0",
    "cors": "^2.8.5",
    "firebase-admin": "^9.10.0",
    "firebase-functions": "^3.14.1",
    "fs-extra": "^10.0.0",
    "sharp": "^0.28.3",
    "twilio": "^3.65.0"
  },
  "devDependencies": {
    "typescript": "^3.8.0",
    "firebase-functions-test": "^0.2.0"
  },
  "private": true
}
[debug] [2021-07-16T06:27:11.505Z] Building nodejs source
[info] i  functions: ensuring required API cloudfunctions.googleapis.com is enabled... 
[info] i  functions: ensuring required API cloudbuild.googleapis.com is enabled... 
[debug] [2021-07-16T06:27:11.506Z] >>> HTTP REQUEST GET https://serviceusage.googleapis.com/v1/projects/oneplus-data/services/cloudfunctions.googleapis.com  
 
[debug] [2021-07-16T06:27:11.507Z] >>> HTTP REQUEST GET https://serviceusage.googleapis.com/v1/projects/oneplus-data/services/runtimeconfig.googleapis.com  
 
[debug] [2021-07-16T06:27:11.507Z] >>> HTTP REQUEST GET https://serviceusage.googleapis.com/v1/projects/oneplus-data/services/cloudbuild.googleapis.com  
 
[debug] [2021-07-16T06:27:12.399Z] <<< HTTP RESPONSE 200 {"content-type":"application/json; charset=UTF-8","vary":"X-Origin, Referer, Origin,Accept-Encoding","date":"Fri, 16 Jul 2021 06:27:12 GMT","server":"ESF","cache-control":"private","x-xss-protection":"0","x-frame-options":"SAMEORIGIN","x-content-type-options":"nosniff","alt-svc":"h3=\":443\"; ma=2592000,h3-29=\":443\"; ma=2592000,h3-T051=\":443\"; ma=2592000,h3-Q050=\":443\"; ma=2592000,h3-Q046=\":443\"; ma=2592000,h3-Q043=\":443\"; ma=2592000,quic=\":443\"; ma=2592000; v=\"46,43\"","accept-ranges":"none","transfer-encoding":"chunked"}
[debug] [2021-07-16T06:27:12.404Z] <<< HTTP RESPONSE 200 {"content-type":"application/json; charset=UTF-8","vary":"X-Origin, Referer, Origin,Accept-Encoding","date":"Fri, 16 Jul 2021 06:27:12 GMT","server":"ESF","cache-control":"private","x-xss-protection":"0","x-frame-options":"SAMEORIGIN","x-content-type-options":"nosniff","alt-svc":"h3=\":443\"; ma=2592000,h3-29=\":443\"; ma=2592000,h3-T051=\":443\"; ma=2592000,h3-Q050=\":443\"; ma=2592000,h3-Q046=\":443\"; ma=2592000,h3-Q043=\":443\"; ma=2592000,quic=\":443\"; ma=2592000; v=\"46,43\"","accept-ranges":"none","transfer-encoding":"chunked"}
[info] ✔  functions: required API cloudbuild.googleapis.com is enabled 
[debug] [2021-07-16T06:27:12.412Z] <<< HTTP RESPONSE 200 {"content-type":"application/json; charset=UTF-8","vary":"X-Origin, Referer, Origin,Accept-Encoding","date":"Fri, 16 Jul 2021 06:27:12 GMT","server":"ESF","cache-control":"private","x-xss-protection":"0","x-frame-options":"SAMEORIGIN","x-content-type-options":"nosniff","alt-svc":"h3=\":443\"; ma=2592000,h3-29=\":443\"; ma=2592000,h3-T051=\":443\"; ma=2592000,h3-Q050=\":443\"; ma=2592000,h3-Q046=\":443\"; ma=2592000,h3-Q043=\":443\"; ma=2592000,quic=\":443\"; ma=2592000; v=\"46,43\"","accept-ranges":"none","transfer-encoding":"chunked"}
[info] ✔  functions: required API cloudfunctions.googleapis.com is enabled 
[debug] [2021-07-16T06:27:12.413Z] >>> HTTP REQUEST GET https://firebase.googleapis.com/v1beta1/projects/oneplus-data/adminSdkConfig  
 
[debug] [2021-07-16T06:27:12.784Z] <<< HTTP RESPONSE 200 {"content-type":"application/json; charset=UTF-8","vary":"X-Origin, Referer, Origin,Accept-Encoding","date":"Fri, 16 Jul 2021 06:27:12 GMT","server":"ESF","cache-control":"private","x-xss-protection":"0","x-frame-options":"SAMEORIGIN","x-content-type-options":"nosniff","alt-svc":"h3=\":443\"; ma=2592000,h3-29=\":443\"; ma=2592000,h3-T051=\":443\"; ma=2592000,h3-Q050=\":443\"; ma=2592000,h3-Q046=\":443\"; ma=2592000,h3-Q043=\":443\"; ma=2592000,quic=\":443\"; ma=2592000; v=\"46,43\"","accept-ranges":"none","transfer-encoding":"chunked"}
[debug] [2021-07-16T06:27:12.786Z] >>> HTTP REQUEST GET https://runtimeconfig.googleapis.com/v1beta1/projects/oneplus-data/configs  
 
[debug] [2021-07-16T06:27:12.966Z] <<< HTTP RESPONSE 200 {"content-type":"application/json; charset=UTF-8","vary":"X-Origin, Referer, Origin,Accept-Encoding","date":"Fri, 16 Jul 2021 06:27:12 GMT","server":"ESF","cache-control":"private","x-xss-protection":"0","x-frame-options":"SAMEORIGIN","x-content-type-options":"nosniff","alt-svc":"h3=\":443\"; ma=2592000,h3-29=\":443\"; ma=2592000,h3-T051=\":443\"; ma=2592000,h3-Q050=\":443\"; ma=2592000,h3-Q046=\":443\"; ma=2592000,h3-Q043=\":443\"; ma=2592000,quic=\":443\"; ma=2592000; v=\"46,43\"","accept-ranges":"none","transfer-encoding":"chunked"}
[debug] [2021-07-16T06:27:12.967Z] >>> HTTP REQUEST GET https://runtimeconfig.googleapis.com/v1beta1/projects/oneplus-data/configs/private/variables  
 
[debug] [2021-07-16T06:27:12.968Z] >>> HTTP REQUEST GET https://runtimeconfig.googleapis.com/v1beta1/projects/oneplus-data/configs/project/variables  
 
[debug] [2021-07-16T06:27:12.968Z] >>> HTTP REQUEST GET https://runtimeconfig.googleapis.com/v1beta1/projects/oneplus-data/configs/client/variables  
 
[debug] [2021-07-16T06:27:13.157Z] <<< HTTP RESPONSE 200 {"content-type":"application/json; charset=UTF-8","vary":"X-Origin, Referer, Origin,Accept-Encoding","date":"Fri, 16 Jul 2021 06:27:13 GMT","server":"ESF","cache-control":"private","x-xss-protection":"0","x-frame-options":"SAMEORIGIN","x-content-type-options":"nosniff","alt-svc":"h3=\":443\"; ma=2592000,h3-29=\":443\"; ma=2592000,h3-T051=\":443\"; ma=2592000,h3-Q050=\":443\"; ma=2592000,h3-Q046=\":443\"; ma=2592000,h3-Q043=\":443\"; ma=2592000,quic=\":443\"; ma=2592000; v=\"46,43\"","accept-ranges":"none","transfer-encoding":"chunked"}
[debug] [2021-07-16T06:27:13.158Z] >>> HTTP REQUEST GET https://runtimeconfig.googleapis.com/v1beta1/projects/oneplus-data/configs/client/variables/email  
 
[debug] [2021-07-16T06:27:13.160Z] <<< HTTP RESPONSE 200 {"content-type":"application/json; charset=UTF-8","vary":"X-Origin, Referer, Origin,Accept-Encoding","date":"Fri, 16 Jul 2021 06:27:13 GMT","server":"ESF","cache-control":"private","x-xss-protection":"0","x-frame-options":"SAMEORIGIN","x-content-type-options":"nosniff","alt-svc":"h3=\":443\"; ma=2592000,h3-29=\":443\"; ma=2592000,h3-T051=\":443\"; ma=2592000,h3-Q050=\":443\"; ma=2592000,h3-Q046=\":443\"; ma=2592000,h3-Q043=\":443\"; ma=2592000,quic=\":443\"; ma=2592000; v=\"46,43\"","accept-ranges":"none","transfer-encoding":"chunked"}
[debug] [2021-07-16T06:27:13.161Z] >>> HTTP REQUEST GET https://runtimeconfig.googleapis.com/v1beta1/projects/oneplus-data/configs/project/variables/id  
 
[debug] [2021-07-16T06:27:13.236Z] <<< HTTP RESPONSE 200 {"content-type":"application/json; charset=UTF-8","vary":"X-Origin, Referer, Origin,Accept-Encoding","date":"Fri, 16 Jul 2021 06:27:13 GMT","server":"ESF","cache-control":"private","x-xss-protection":"0","x-frame-options":"SAMEORIGIN","x-content-type-options":"nosniff","alt-svc":"h3=\":443\"; ma=2592000,h3-29=\":443\"; ma=2592000,h3-T051=\":443\"; ma=2592000,h3-Q050=\":443\"; ma=2592000,h3-Q046=\":443\"; ma=2592000,h3-Q043=\":443\"; ma=2592000,quic=\":443\"; ma=2592000; v=\"46,43\"","accept-ranges":"none","transfer-encoding":"chunked"}
[debug] [2021-07-16T06:27:13.237Z] >>> HTTP REQUEST GET https://runtimeconfig.googleapis.com/v1beta1/projects/oneplus-data/configs/private/variables/key  
 
[debug] [2021-07-16T06:27:13.342Z] <<< HTTP RESPONSE 200 {"content-type":"application/json; charset=UTF-8","vary":"X-Origin, Referer, Origin,Accept-Encoding","date":"Fri, 16 Jul 2021 06:27:13 GMT","server":"ESF","cache-control":"private","x-xss-protection":"0","x-frame-options":"SAMEORIGIN","x-content-type-options":"nosniff","alt-svc":"h3=\":443\"; ma=2592000,h3-29=\":443\"; ma=2592000,h3-T051=\":443\"; ma=2592000,h3-Q050=\":443\"; ma=2592000,h3-Q046=\":443\"; ma=2592000,h3-Q043=\":443\"; ma=2592000,quic=\":443\"; ma=2592000; v=\"46,43\"","accept-ranges":"none","transfer-encoding":"chunked"}
[debug] [2021-07-16T06:27:13.355Z] <<< HTTP RESPONSE 200 {"content-type":"application/json; charset=UTF-8","vary":"X-Origin, Referer, Origin,Accept-Encoding","date":"Fri, 16 Jul 2021 06:27:13 GMT","server":"ESF","cache-control":"private","x-xss-protection":"0","x-frame-options":"SAMEORIGIN","x-content-type-options":"nosniff","alt-svc":"h3=\":443\"; ma=2592000,h3-29=\":443\"; ma=2592000,h3-T051=\":443\"; ma=2592000,h3-Q050=\":443\"; ma=2592000,h3-Q046=\":443\"; ma=2592000,h3-Q043=\":443\"; ma=2592000,quic=\":443\"; ma=2592000; v=\"46,43\"","accept-ranges":"none","transfer-encoding":"chunked"}
[debug] [2021-07-16T06:27:13.423Z] <<< HTTP RESPONSE 200 {"content-type":"application/json; charset=UTF-8","vary":"X-Origin, Referer, Origin,Accept-Encoding","date":"Fri, 16 Jul 2021 06:27:13 GMT","server":"ESF","cache-control":"private","x-xss-protection":"0","x-frame-options":"SAMEORIGIN","x-content-type-options":"nosniff","alt-svc":"h3=\":443\"; ma=2592000,h3-29=\":443\"; ma=2592000,h3-T051=\":443\"; ma=2592000,h3-Q050=\":443\"; ma=2592000,h3-Q046=\":443\"; ma=2592000,h3-Q043=\":443\"; ma=2592000,quic=\":443\"; ma=2592000; v=\"46,43\"","accept-ranges":"none","transfer-encoding":"chunked"}
[debug] [2021-07-16T06:27:13.423Z] Analyzing nodejs backend spec
[info] i  functions: preparing functions directory for uploading... 
[info] i  functions: packaged functions (72.2 KB) for uploading 
[debug] [2021-07-16T06:27:13.956Z] >>> HTTP REQUEST GET https://cloudfunctions.googleapis.com/v1/projects/oneplus-data/locations/-/functions  
 
[debug] [2021-07-16T06:27:14.427Z] <<< HTTP RESPONSE 200 {"content-type":"application/json; charset=UTF-8","vary":"X-Origin, Referer, Origin,Accept-Encoding","date":"Fri, 16 Jul 2021 06:27:14 GMT","server":"ESF","cache-control":"private","x-xss-protection":"0","x-frame-options":"SAMEORIGIN","x-content-type-options":"nosniff","alt-svc":"h3=\":443\"; ma=2592000,h3-29=\":443\"; ma=2592000,h3-T051=\":443\"; ma=2592000,h3-Q050=\":443\"; ma=2592000,h3-Q046=\":443\"; ma=2592000,h3-Q043=\":443\"; ma=2592000,quic=\":443\"; ma=2592000; v=\"46,43\"","accept-ranges":"none","transfer-encoding":"chunked"}
[debug] [2021-07-16T06:27:14.431Z] >>> HTTP REQUEST POST https://firebasehosting.googleapis.com/v1beta1/sites/oneplus-data/versions  
 {"config":{},"labels":{"deployment-tool":"cli-firebase"}}
[debug] [2021-07-16T06:27:15.712Z] <<< HTTP RESPONSE 200 {"content-type":"application/json; charset=UTF-8","vary":"X-Origin, Referer, Origin,Accept-Encoding","date":"Fri, 16 Jul 2021 06:27:15 GMT","server":"ESF","cache-control":"private","x-xss-protection":"0","x-frame-options":"SAMEORIGIN","x-content-type-options":"nosniff","alt-svc":"h3=\":443\"; ma=2592000,h3-29=\":443\"; ma=2592000,h3-T051=\":443\"; ma=2592000,h3-Q050=\":443\"; ma=2592000,h3-Q046=\":443\"; ma=2592000,h3-Q043=\":443\"; ma=2592000,quic=\":443\"; ma=2592000; v=\"46,43\"","accept-ranges":"none","transfer-encoding":"chunked"}
[debug] [2021-07-16T06:27:15.715Z] >>> HTTP REQUEST GET https://firebaserules.googleapis.com/v1/projects/oneplus-data/releases?pageSize=10&pageToken=  
 
[debug] [2021-07-16T06:27:16.388Z] <<< HTTP RESPONSE 200 {"content-type":"application/json; charset=UTF-8","vary":"X-Origin, Referer, Origin,Accept-Encoding","date":"Fri, 16 Jul 2021 06:27:16 GMT","server":"ESF","cache-control":"private","x-xss-protection":"0","x-frame-options":"SAMEORIGIN","x-content-type-options":"nosniff","alt-svc":"h3=\":443\"; ma=2592000,h3-29=\":443\"; ma=2592000,h3-T051=\":443\"; ma=2592000,h3-Q050=\":443\"; ma=2592000,h3-Q046=\":443\"; ma=2592000,h3-Q043=\":443\"; ma=2592000,quic=\":443\"; ma=2592000; v=\"46,43\"","accept-ranges":"none","transfer-encoding":"chunked"}
[debug] [2021-07-16T06:27:16.390Z] >>> HTTP REQUEST GET https://firebaserules.googleapis.com/v1/projects/oneplus-data/rulesets/72f7efdc-8132-48f8-8383-c5acf24f1d8c  
 
[debug] [2021-07-16T06:27:17.085Z] <<< HTTP RESPONSE 200 {"content-type":"application/json; charset=UTF-8","vary":"X-Origin, Referer, Origin,Accept-Encoding","date":"Fri, 16 Jul 2021 06:27:16 GMT","server":"ESF","cache-control":"private","x-xss-protection":"0","x-frame-options":"SAMEORIGIN","x-content-type-options":"nosniff","alt-svc":"h3=\":443\"; ma=2592000,h3-29=\":443\"; ma=2592000,h3-T051=\":443\"; ma=2592000,h3-Q050=\":443\"; ma=2592000,h3-Q046=\":443\"; ma=2592000,h3-Q043=\":443\"; ma=2592000,quic=\":443\"; ma=2592000; v=\"46,43\"","accept-ranges":"none","transfer-encoding":"chunked"}
[info] i  storage: latest version of storage.rules already up to date, skipping upload... 
[debug] [2021-07-16T06:27:17.088Z] >>> HTTP REQUEST GET https://firebaserules.googleapis.com/v1/projects/oneplus-data/releases?pageSize=10&pageToken=  
 
[debug] [2021-07-16T06:27:17.089Z] >>> HTTP REQUEST GET https://firestore.googleapis.com/v1/projects/oneplus-data/databases/(default)/collectionGroups/-/indexes  
 
[debug] [2021-07-16T06:27:17.182Z] <<< HTTP RESPONSE 200 {"content-type":"application/json; charset=UTF-8","vary":"X-Origin, Referer, Origin,Accept-Encoding","date":"Fri, 16 Jul 2021 06:27:17 GMT","server":"ESF","cache-control":"private","x-xss-protection":"0","x-frame-options":"SAMEORIGIN","x-content-type-options":"nosniff","alt-svc":"h3=\":443\"; ma=2592000,h3-29=\":443\"; ma=2592000,h3-T051=\":443\"; ma=2592000,h3-Q050=\":443\"; ma=2592000,h3-Q046=\":443\"; ma=2592000,h3-Q043=\":443\"; ma=2592000,quic=\":443\"; ma=2592000; v=\"46,43\"","accept-ranges":"none","transfer-encoding":"chunked"}
[debug] [2021-07-16T06:27:17.183Z] >>> HTTP REQUEST GET https://firestore.googleapis.com/v1/projects/oneplus-data/databases/(default)/collectionGroups/-/fields?filter=indexConfig.usesAncestorConfig=false  
 
[debug] [2021-07-16T06:27:17.266Z] <<< HTTP RESPONSE 200 {"content-type":"application/json; charset=UTF-8","vary":"X-Origin, Referer, Origin,Accept-Encoding","date":"Fri, 16 Jul 2021 06:27:17 GMT","server":"ESF","cache-control":"private","x-xss-protection":"0","x-frame-options":"SAMEORIGIN","x-content-type-options":"nosniff","alt-svc":"h3=\":443\"; ma=2592000,h3-29=\":443\"; ma=2592000,h3-T051=\":443\"; ma=2592000,h3-Q050=\":443\"; ma=2592000,h3-Q046=\":443\"; ma=2592000,h3-Q043=\":443\"; ma=2592000,quic=\":443\"; ma=2592000; v=\"46,43\"","accept-ranges":"none","transfer-encoding":"chunked"}
[info] ✔  firestore: deployed indexes in firestore.indexes.json successfully 
[debug] [2021-07-16T06:27:17.799Z] <<< HTTP RESPONSE 200 {"content-type":"application/json; charset=UTF-8","vary":"X-Origin, Referer, Origin,Accept-Encoding","date":"Fri, 16 Jul 2021 06:27:17 GMT","server":"ESF","cache-control":"private","x-xss-protection":"0","x-frame-options":"SAMEORIGIN","x-content-type-options":"nosniff","alt-svc":"h3=\":443\"; ma=2592000,h3-29=\":443\"; ma=2592000,h3-T051=\":443\"; ma=2592000,h3-Q050=\":443\"; ma=2592000,h3-Q046=\":443\"; ma=2592000,h3-Q043=\":443\"; ma=2592000,quic=\":443\"; ma=2592000; v=\"46,43\"","accept-ranges":"none","transfer-encoding":"chunked"}
[debug] [2021-07-16T06:27:17.800Z] >>> HTTP REQUEST GET https://firebaserules.googleapis.com/v1/projects/oneplus-data/rulesets/a105759b-0748-4b8a-a9dd-0caedca347a9  
 
[debug] [2021-07-16T06:27:18.519Z] <<< HTTP RESPONSE 200 {"content-type":"application/json; charset=UTF-8","vary":"X-Origin, Referer, Origin,Accept-Encoding","date":"Fri, 16 Jul 2021 06:27:18 GMT","server":"ESF","cache-control":"private","x-xss-protection":"0","x-frame-options":"SAMEORIGIN","x-content-type-options":"nosniff","alt-svc":"h3=\":443\"; ma=2592000,h3-29=\":443\"; ma=2592000,h3-T051=\":443\"; ma=2592000,h3-Q050=\":443\"; ma=2592000,h3-Q046=\":443\"; ma=2592000,h3-Q043=\":443\"; ma=2592000,quic=\":443\"; ma=2592000; v=\"46,43\"","accept-ranges":"none","transfer-encoding":"chunked"}
[info] i  firestore: latest version of firestore.rules already up to date, skipping upload... 
[debug] [2021-07-16T06:27:18.521Z] >>> HTTP REQUEST POST https://cloudfunctions.googleapis.com/v1/projects/oneplus-data/locations/us-central1/functions:generateUploadUrl  
 
[debug] [2021-07-16T06:27:19.133Z] <<< HTTP RESPONSE 200 {"content-type":"application/json; charset=UTF-8","vary":"X-Origin, Referer, Origin,Accept-Encoding","date":"Fri, 16 Jul 2021 06:27:19 GMT","server":"ESF","cache-control":"private","x-xss-protection":"0","x-frame-options":"SAMEORIGIN","x-content-type-options":"nosniff","alt-svc":"h3=\":443\"; ma=2592000,h3-29=\":443\"; ma=2592000,h3-T051=\":443\"; ma=2592000,h3-Q050=\":443\"; ma=2592000,h3-Q046=\":443\"; ma=2592000,h3-Q043=\":443\"; ma=2592000,quic=\":443\"; ma=2592000; v=\"46,43\"","accept-ranges":"none","transfer-encoding":"chunked"}
[debug] [2021-07-16T06:27:19.134Z] >>> HTTP REQUEST PUT https://storage.googleapis.com/gcf-upload-us-central1-5f6aba39-44ac-45db-a40f-87bb1e4f06aa/4066dc82-4dbe-4fbe-a12a-b64a7ae3665b.zip?GoogleAccessId=service-614483658508@gcf-admin-robot.iam.gserviceaccount.com&Expires=1626418638&Signature=rQd5DRO2QILpu3zErZD1w%2BAgZNSZnZqawpUpUWG%2BZenPiOC3iVvKtdWMAHWXqP3F%2FygA9VOXq8DKDcmI%2FjIKC9q52EMbTrZlkIxNi1LRhy4EEelrx5s3Mq6gd5Iq2jdishZNxPdn8A5OfbBjgheCYgehLwZNrpTQA8L9L%2FObbh%2FcuLhOc9DERJtHsgIAhWsLk1aKrsAlZ5jfsvil0QHx%2B2%2BY%2FnJNP8rRP0WcttNN%2FfEBv8YuqHoP%2Bc4cYptGx5qLjzlu3ZrFVLV1Anrp4jKkXTLfjJBcs3Tcd8Z4za00NMm5Bs0gUjqQaLCNp096CRqjGjLAOy7FDYdLL7dSiHHIpA%3D%3D  
 <request body omitted>
[debug] [2021-07-16T06:27:19.344Z] <<< HTTP RESPONSE 200 {"x-guploader-uploadid":"ADPycdsDqMGM3aV-OxrzAL3pRvtlRppzmn9n640G-GGDnAk0NHspwXVlfqmxZ1G-yebHbrBcsSCRSUqcAKynySSDtRU","etag":"\"6cd8af729b441d255e38b03e12e0eecc\"","x-goog-generation":"1626416839279091","x-goog-metageneration":"1","x-goog-hash":"crc32c=51HBaQ==, md5=bNivcptEHSVeOLA+EuDuzA==","x-goog-stored-content-length":"73937","x-goog-stored-content-encoding":"identity","vary":"Origin","content-length":"0","date":"Fri, 16 Jul 2021 06:27:19 GMT","server":"UploadServer","content-type":"text/html; charset=UTF-8","alt-svc":"h3=\":443\"; ma=2592000,h3-29=\":443\"; ma=2592000,h3-T051=\":443\"; ma=2592000,h3-Q050=\":443\"; ma=2592000,h3-Q046=\":443\"; ma=2592000,h3-Q043=\":443\"; ma=2592000,quic=\":443\"; ma=2592000; v=\"46,43\""}
[info] ✔  functions: functions folder uploaded successfully 
[info] i  hosting[oneplus-data]: beginning deploy... 
[info] i  hosting[oneplus-data]: found 3 files in public 
[debug] [2021-07-16T06:27:19.356Z] > refreshing access token with scopes: []
[debug] [2021-07-16T06:27:19.357Z] >>> HTTP REQUEST POST https://www.googleapis.com/oauth2/v3/token  
 <request body omitted>
[debug] [2021-07-16T06:27:19.358Z] [hosting] hash cache [cHVibGlj] stored for 3 files
[debug] [2021-07-16T06:27:19.359Z] [hosting][hash queue][FINAL] {"max":1,"min":1,"avg":1,"active":0,"complete":3,"success":3,"errored":0,"retried":0,"total":3,"elapsed":5}
[debug] [2021-07-16T06:27:19.431Z] <<< HTTP RESPONSE 200 {"pragma":"no-cache","expires":"Mon, 01 Jan 1990 00:00:00 GMT","cache-control":"no-cache, no-store, max-age=0, must-revalidate","date":"Fri, 16 Jul 2021 06:27:19 GMT","content-type":"application/json; charset=utf-8","vary":"X-Origin, Referer, Origin,Accept-Encoding","server":"scaffolding on HTTPServer2","x-xss-protection":"0","x-frame-options":"SAMEORIGIN","x-content-type-options":"nosniff","alt-svc":"h3=\":443\"; ma=2592000,h3-29=\":443\"; ma=2592000,h3-T051=\":443\"; ma=2592000,h3-Q050=\":443\"; ma=2592000,h3-Q046=\":443\"; ma=2592000,h3-Q043=\":443\"; ma=2592000,quic=\":443\"; ma=2592000; v=\"46,43\"","accept-ranges":"none","transfer-encoding":"chunked"}
[debug] [2021-07-16T06:27:19.453Z] >>> [apiv2][query] POST https://firebasehosting.googleapis.com/v1beta1/sites/oneplus-data/versions/47086bbe6f25592a:populateFiles [none]
[debug] [2021-07-16T06:27:19.453Z] >>> [apiv2][body] POST https://firebasehosting.googleapis.com/v1beta1/sites/oneplus-data/versions/47086bbe6f25592a:populateFiles {"files":{"/404.html":"05cbc6f94d7a69ce2e29646eab13be2c884e61ba93e3094df5028866876d18b3","/app.js":"7e8ced5002446587d0895d1d2d62ea158d9f50075a6407db37256a15d40d2306","/index.html":"5806abee1d719c41b028c4e9a06ee26ad907a66b4bef465fc4b17163a829e83b"}}
[debug] [2021-07-16T06:27:20.364Z] <<< [apiv2][status] POST https://firebasehosting.googleapis.com/v1beta1/sites/oneplus-data/versions/47086bbe6f25592a:populateFiles 200
[debug] [2021-07-16T06:27:20.364Z] <<< [apiv2][body] POST https://firebasehosting.googleapis.com/v1beta1/sites/oneplus-data/versions/47086bbe6f25592a:populateFiles {"uploadUrl":"https://upload-firebasehosting.googleapis.com/upload/sites/oneplus-data/versions/47086bbe6f25592a/files"}
[debug] [2021-07-16T06:27:20.365Z] [hosting][populate queue][FINAL] {"max":1008,"min":1008,"avg":1008,"active":0,"complete":1,"success":1,"errored":0,"retried":0,"total":1,"elapsed":1009}
[debug] [2021-07-16T06:27:20.365Z] [hosting] uploads queued: 0
[debug] [2021-07-16T06:27:20.365Z] [hosting][upload queue][FINAL] {"max":0,"min":9999999999,"avg":0,"active":0,"complete":0,"success":0,"errored":0,"retried":0,"total":0,"elapsed":1626416840365}
[info] ✔  hosting[oneplus-data]: file upload complete 
[debug] [2021-07-16T06:27:20.366Z] [hosting] deploy completed after 1021ms
[debug] [2021-07-16T06:27:20.370Z] [rules] releasing firebase.storage/oneplus-data.appspot.com with ruleset projects/oneplus-data/rulesets/72f7efdc-8132-48f8-8383-c5acf24f1d8c
[debug] [2021-07-16T06:27:20.370Z] > refreshing access token with scopes: ["email","https://www.googleapis.com/auth/cloud-platform","https://www.googleapis.com/auth/cloudplatformprojects.readonly","https://www.googleapis.com/auth/firebase","openid"]
[debug] [2021-07-16T06:27:20.370Z] >>> HTTP REQUEST POST https://www.googleapis.com/oauth2/v3/token  
 <request body omitted>
[debug] [2021-07-16T06:27:20.458Z] <<< HTTP RESPONSE 200 {"pragma":"no-cache","expires":"Mon, 01 Jan 1990 00:00:00 GMT","date":"Fri, 16 Jul 2021 06:27:20 GMT","cache-control":"no-cache, no-store, max-age=0, must-revalidate","content-type":"application/json; charset=utf-8","vary":"X-Origin, Referer, Origin,Accept-Encoding","server":"scaffolding on HTTPServer2","x-xss-protection":"0","x-frame-options":"SAMEORIGIN","x-content-type-options":"nosniff","alt-svc":"h3=\":443\"; ma=2592000,h3-29=\":443\"; ma=2592000,h3-T051=\":443\"; ma=2592000,h3-Q050=\":443\"; ma=2592000,h3-Q046=\":443\"; ma=2592000,h3-Q043=\":443\"; ma=2592000,quic=\":443\"; ma=2592000; v=\"46,43\"","accept-ranges":"none","transfer-encoding":"chunked"}
[debug] [2021-07-16T06:27:20.476Z] >>> HTTP REQUEST PATCH https://firebaserules.googleapis.com/v1/projects/oneplus-data/releases/firebase.storage/oneplus-data.appspot.com  
 {"release":{"name":"projects/oneplus-data/releases/firebase.storage/oneplus-data.appspot.com","rulesetName":"projects/oneplus-data/rulesets/72f7efdc-8132-48f8-8383-c5acf24f1d8c"}}
[debug] [2021-07-16T06:27:21.301Z] <<< HTTP RESPONSE 200 {"content-type":"application/json; charset=UTF-8","vary":"X-Origin, Referer, Origin,Accept-Encoding","date":"Fri, 16 Jul 2021 06:27:21 GMT","server":"ESF","cache-control":"private","x-xss-protection":"0","x-frame-options":"SAMEORIGIN","x-content-type-options":"nosniff","alt-svc":"h3=\":443\"; ma=2592000,h3-29=\":443\"; ma=2592000,h3-T051=\":443\"; ma=2592000,h3-Q050=\":443\"; ma=2592000,h3-Q046=\":443\"; ma=2592000,h3-Q043=\":443\"; ma=2592000,quic=\":443\"; ma=2592000; v=\"46,43\"","accept-ranges":"none","transfer-encoding":"chunked"}
[debug] [2021-07-16T06:27:21.301Z] [rules] updated release projects/oneplus-data/releases/firebase.storage/oneplus-data.appspot.com
[info] ✔  storage: released rules storage.rules to firebase.storage 
[debug] [2021-07-16T06:27:21.302Z] [rules] releasing cloud.firestore with ruleset projects/oneplus-data/rulesets/a105759b-0748-4b8a-a9dd-0caedca347a9
[debug] [2021-07-16T06:27:21.303Z] >>> HTTP REQUEST PATCH https://firebaserules.googleapis.com/v1/projects/oneplus-data/releases/cloud.firestore  
 {"release":{"name":"projects/oneplus-data/releases/cloud.firestore","rulesetName":"projects/oneplus-data/rulesets/a105759b-0748-4b8a-a9dd-0caedca347a9"}}
[debug] [2021-07-16T06:27:22.205Z] <<< HTTP RESPONSE 200 {"content-type":"application/json; charset=UTF-8","vary":"X-Origin, Referer, Origin,Accept-Encoding","date":"Fri, 16 Jul 2021 06:27:22 GMT","server":"ESF","cache-control":"private","x-xss-protection":"0","x-frame-options":"SAMEORIGIN","x-content-type-options":"nosniff","alt-svc":"h3=\":443\"; ma=2592000,h3-29=\":443\"; ma=2592000,h3-T051=\":443\"; ma=2592000,h3-Q050=\":443\"; ma=2592000,h3-Q046=\":443\"; ma=2592000,h3-Q043=\":443\"; ma=2592000,quic=\":443\"; ma=2592000; v=\"46,43\"","accept-ranges":"none","transfer-encoding":"chunked"}
[debug] [2021-07-16T06:27:22.205Z] [rules] updated release projects/oneplus-data/releases/cloud.firestore
[info] ✔  firestore: released rules firestore.rules to cloud.firestore 
[info] i  functions: updating Node.js 14 function api(us-central1)... 
[debug] [2021-07-16T06:27:22.210Z] >>> HTTP REQUEST PATCH https://cloudfunctions.googleapis.com/v1/projects/oneplus-data/locations/us-central1/functions/api {"updateMask":"name,sourceUploadUrl,entryPoint,runtime,httpsTrigger.securityLevel,labels,environmentVariables"} 
 {"name":"projects/oneplus-data/locations/us-central1/functions/api","sourceUploadUrl":"https://storage.googleapis.com/gcf-upload-us-central1-5f6aba39-44ac-45db-a40f-87bb1e4f06aa/4066dc82-4dbe-4fbe-a12a-b64a7ae3665b.zip?GoogleAccessId=service-614483658508@gcf-admin-robot.iam.gserviceaccount.com&Expires=1626418638&Signature=rQd5DRO2QILpu3zErZD1w%2BAgZNSZnZqawpUpUWG%2BZenPiOC3iVvKtdWMAHWXqP3F%2FygA9VOXq8DKDcmI%2FjIKC9q52EMbTrZlkIxNi1LRhy4EEelrx5s3Mq6gd5Iq2jdishZNxPdn8A5OfbBjgheCYgehLwZNrpTQA8L9L%2FObbh%2FcuLhOc9DERJtHsgIAhWsLk1aKrsAlZ5jfsvil0QHx%2B2%2BY%2FnJNP8rRP0WcttNN%2FfEBv8YuqHoP%2Bc4cYptGx5qLjzlu3ZrFVLV1Anrp4jKkXTLfjJBcs3Tcd8Z4za00NMm5Bs0gUjqQaLCNp096CRqjGjLAOy7FDYdLL7dSiHHIpA%3D%3D","entryPoint":"api","runtime":"nodejs14","httpsTrigger":{"securityLevel":"SECURE_OPTIONAL"},"labels":{"deployment-tool":"cli-firebase"},"environmentVariables":{"FIREBASE_CONFIG":"{\"projectId\":\"oneplus-data\",\"storageBucket\":\"oneplus-data.appspot.com\",\"locationId\":\"europe-west6\"}"}}
[debug] [2021-07-16T06:27:22.599Z] <<< HTTP RESPONSE 200 {"content-type":"application/json; charset=UTF-8","vary":"X-Origin, Referer, Origin,Accept-Encoding","date":"Fri, 16 Jul 2021 06:27:22 GMT","server":"ESF","cache-control":"private","x-xss-protection":"0","x-frame-options":"SAMEORIGIN","x-content-type-options":"nosniff","alt-svc":"h3=\":443\"; ma=2592000,h3-29=\":443\"; ma=2592000,h3-T051=\":443\"; ma=2592000,h3-Q050=\":443\"; ma=2592000,h3-Q046=\":443\"; ma=2592000,h3-Q043=\":443\"; ma=2592000,quic=\":443\"; ma=2592000; v=\"46,43\"","accept-ranges":"none","transfer-encoding":"chunked"}
[debug] [2021-07-16T06:27:22.600Z] > refreshing access token with scopes: []
[debug] [2021-07-16T06:27:22.601Z] >>> HTTP REQUEST POST https://www.googleapis.com/oauth2/v3/token  
 <request body omitted>
[debug] [2021-07-16T06:27:22.686Z] <<< HTTP RESPONSE 200 {"pragma":"no-cache","date":"Fri, 16 Jul 2021 06:27:22 GMT","expires":"Mon, 01 Jan 1990 00:00:00 GMT","cache-control":"no-cache, no-store, max-age=0, must-revalidate","content-type":"application/json; charset=utf-8","vary":"X-Origin, Referer, Origin,Accept-Encoding","server":"scaffolding on HTTPServer2","x-xss-protection":"0","x-frame-options":"SAMEORIGIN","x-content-type-options":"nosniff","alt-svc":"h3=\":443\"; ma=2592000,h3-29=\":443\"; ma=2592000,h3-T051=\":443\"; ma=2592000,h3-Q050=\":443\"; ma=2592000,h3-Q046=\":443\"; ma=2592000,h3-Q043=\":443\"; ma=2592000,quic=\":443\"; ma=2592000; v=\"46,43\"","accept-ranges":"none","transfer-encoding":"chunked"}
[debug] [2021-07-16T06:27:22.707Z] >>> [apiv2][query] GET https://cloudfunctions.googleapis.com/v1/operations/b25lcGx1cy1kYXRhL3VzLWNlbnRyYWwxL2FwaS9yV1B3bUVsQXNNUQ [none]
[debug] [2021-07-16T06:27:22.905Z] <<< [apiv2][status] GET https://cloudfunctions.googleapis.com/v1/operations/b25lcGx1cy1kYXRhL3VzLWNlbnRyYWwxL2FwaS9yV1B3bUVsQXNNUQ 200
[debug] [2021-07-16T06:27:22.905Z] <<< [apiv2][body] GET https://cloudfunctions.googleapis.com/v1/operations/b25lcGx1cy1kYXRhL3VzLWNlbnRyYWwxL2FwaS9yV1B3bUVsQXNNUQ {"name":"operations/b25lcGx1cy1kYXRhL3VzLWNlbnRyYWwxL2FwaS9yV1B3bUVsQXNNUQ","metadata":{"@type":"type.googleapis.com/google.cloud.functions.v1.OperationMetadataV1","target":"projects/oneplus-data/locations/us-central1/functions/api","type":"UPDATE_FUNCTION","request":{"@type":"type.googleapis.com/google.cloud.functions.v1.CloudFunction","name":"projects/oneplus-data/locations/us-central1/functions/api","httpsTrigger":{"url":"https://us-central1-oneplus-data.cloudfunctions.net/api","securityLevel":"SECURE_OPTIONAL"},"status":"ACTIVE","entryPoint":"api","timeout":"60s","availableMemoryMb":256,"serviceAccountEmail":"oneplus-data@appspot.gserviceaccount.com","updateTime":"2021-07-15T18:54:20.131Z","versionId":"1","labels":{"deployment-tool":"cli-firebase"},"sourceUploadUrl":"https://storage.googleapis.com/gcf-upload-us-central1-5f6aba39-44ac-45db-a40f-87bb1e4f06aa/4066dc82-4dbe-4fbe-a12a-b64a7ae3665b.zip?GoogleAccessId=service-614483658508@gcf-admin-robot.iam.gserviceaccount.com&Expires=1626418638&Signature=rQd5DRO2QILpu3zErZD1w%2BAgZNSZnZqawpUpUWG%2BZenPiOC3iVvKtdWMAHWXqP3F%2FygA9VOXq8DKDcmI%2FjIKC9q52EMbTrZlkIxNi1LRhy4EEelrx5s3Mq6gd5Iq2jdishZNxPdn8A5OfbBjgheCYgehLwZNrpTQA8L9L%2FObbh%2FcuLhOc9DERJtHsgIAhWsLk1aKrsAlZ5jfsvil0QHx%2B2%2BY%2FnJNP8rRP0WcttNN%2FfEBv8YuqHoP%2Bc4cYptGx5qLjzlu3ZrFVLV1Anrp4jKkXTLfjJBcs3Tcd8Z4za00NMm5Bs0gUjqQaLCNp096CRqjGjLAOy7FDYdLL7dSiHHIpA%3D%3D","environmentVariables":{"FIREBASE_CONFIG":"{\"projectId\":\"oneplus-data\",\"storageBucket\":\"oneplus-data.appspot.com\",\"locationId\":\"europe-west6\"}"},"runtime":"nodejs14","ingressSettings":"ALLOW_ALL","buildId":"fdc06758-0d43-4700-b0f7-b40d3b54ae12"},"versionId":"5","updateTime":"2021-07-16T06:27:22Z","buildName":"projects/614483658508/locations/us-central1/builds/fdc06758-0d43-4700-b0f7-b40d3b54ae12"}}
[debug] [2021-07-16T06:27:23.408Z] [update-projects/oneplus-data/locations/us-central1/functions/api] Retrying task index 0
[debug] [2021-07-16T06:27:23.408Z] >>> [apiv2][query] GET https://cloudfunctions.googleapis.com/v1/operations/b25lcGx1cy1kYXRhL3VzLWNlbnRyYWwxL2FwaS9yV1B3bUVsQXNNUQ [none]
[debug] [2021-07-16T06:27:23.610Z] <<< [apiv2][status] GET https://cloudfunctions.googleapis.com/v1/operations/b25lcGx1cy1kYXRhL3VzLWNlbnRyYWwxL2FwaS9yV1B3bUVsQXNNUQ 200
[debug] [2021-07-16T06:27:23.610Z] <<< [apiv2][body] GET https://cloudfunctions.googleapis.com/v1/operations/b25lcGx1cy1kYXRhL3VzLWNlbnRyYWwxL2FwaS9yV1B3bUVsQXNNUQ {"name":"operations/b25lcGx1cy1kYXRhL3VzLWNlbnRyYWwxL2FwaS9yV1B3bUVsQXNNUQ","metadata":{"@type":"type.googleapis.com/google.cloud.functions.v1.OperationMetadataV1","target":"projects/oneplus-data/locations/us-central1/functions/api","type":"UPDATE_FUNCTION","request":{"@type":"type.googleapis.com/google.cloud.functions.v1.CloudFunction","name":"projects/oneplus-data/locations/us-central1/functions/api","httpsTrigger":{"url":"https://us-central1-oneplus-data.cloudfunctions.net/api","securityLevel":"SECURE_OPTIONAL"},"status":"ACTIVE","entryPoint":"api","timeout":"60s","availableMemoryMb":256,"serviceAccountEmail":"oneplus-data@appspot.gserviceaccount.com","updateTime":"2021-07-15T18:54:20.131Z","versionId":"1","labels":{"deployment-tool":"cli-firebase"},"sourceUploadUrl":"https://storage.googleapis.com/gcf-upload-us-central1-5f6aba39-44ac-45db-a40f-87bb1e4f06aa/4066dc82-4dbe-4fbe-a12a-b64a7ae3665b.zip?GoogleAccessId=service-614483658508@gcf-admin-robot.iam.gserviceaccount.com&Expires=1626418638&Signature=rQd5DRO2QILpu3zErZD1w%2BAgZNSZnZqawpUpUWG%2BZenPiOC3iVvKtdWMAHWXqP3F%2FygA9VOXq8DKDcmI%2FjIKC9q52EMbTrZlkIxNi1LRhy4EEelrx5s3Mq6gd5Iq2jdishZNxPdn8A5OfbBjgheCYgehLwZNrpTQA8L9L%2FObbh%2FcuLhOc9DERJtHsgIAhWsLk1aKrsAlZ5jfsvil0QHx%2B2%2BY%2FnJNP8rRP0WcttNN%2FfEBv8YuqHoP%2Bc4cYptGx5qLjzlu3ZrFVLV1Anrp4jKkXTLfjJBcs3Tcd8Z4za00NMm5Bs0gUjqQaLCNp096CRqjGjLAOy7FDYdLL7dSiHHIpA%3D%3D","environmentVariables":{"FIREBASE_CONFIG":"{\"projectId\":\"oneplus-data\",\"storageBucket\":\"oneplus-data.appspot.com\",\"locationId\":\"europe-west6\"}"},"runtime":"nodejs14","ingressSettings":"ALLOW_ALL","buildId":"fdc06758-0d43-4700-b0f7-b40d3b54ae12"},"versionId":"5","updateTime":"2021-07-16T06:27:22Z","buildId":"5348300c-e967-40ac-b294-2353f6784234","buildName":"projects/614483658508/locations/us-central1/builds/5348300c-e967-40ac-b294-2353f6784234"}}
[debug] [2021-07-16T06:27:24.615Z] [update-projects/oneplus-data/locations/us-central1/functions/api] Retrying task index 0
[debug] [2021-07-16T06:27:24.616Z] >>> [apiv2][query] GET https://cloudfunctions.googleapis.com/v1/operations/b25lcGx1cy1kYXRhL3VzLWNlbnRyYWwxL2FwaS9yV1B3bUVsQXNNUQ [none]
[debug] [2021-07-16T06:27:24.815Z] <<< [apiv2][status] GET https://cloudfunctions.googleapis.com/v1/operations/b25lcGx1cy1kYXRhL3VzLWNlbnRyYWwxL2FwaS9yV1B3bUVsQXNNUQ 200
[debug] [2021-07-16T06:27:24.815Z] <<< [apiv2][body] GET https://cloudfunctions.googleapis.com/v1/operations/b25lcGx1cy1kYXRhL3VzLWNlbnRyYWwxL2FwaS9yV1B3bUVsQXNNUQ {"name":"operations/b25lcGx1cy1kYXRhL3VzLWNlbnRyYWwxL2FwaS9yV1B3bUVsQXNNUQ","metadata":{"@type":"type.googleapis.com/google.cloud.functions.v1.OperationMetadataV1","target":"projects/oneplus-data/locations/us-central1/functions/api","type":"UPDATE_FUNCTION","request":{"@type":"type.googleapis.com/google.cloud.functions.v1.CloudFunction","name":"projects/oneplus-data/locations/us-central1/functions/api","httpsTrigger":{"url":"https://us-central1-oneplus-data.cloudfunctions.net/api","securityLevel":"SECURE_OPTIONAL"},"status":"ACTIVE","entryPoint":"api","timeout":"60s","availableMemoryMb":256,"serviceAccountEmail":"oneplus-data@appspot.gserviceaccount.com","updateTime":"2021-07-15T18:54:20.131Z","versionId":"1","labels":{"deployment-tool":"cli-firebase"},"sourceUploadUrl":"https://storage.googleapis.com/gcf-upload-us-central1-5f6aba39-44ac-45db-a40f-87bb1e4f06aa/4066dc82-4dbe-4fbe-a12a-b64a7ae3665b.zip?GoogleAccessId=service-614483658508@gcf-admin-robot.iam.gserviceaccount.com&Expires=1626418638&Signature=rQd5DRO2QILpu3zErZD1w%2BAgZNSZnZqawpUpUWG%2BZenPiOC3iVvKtdWMAHWXqP3F%2FygA9VOXq8DKDcmI%2FjIKC9q52EMbTrZlkIxNi1LRhy4EEelrx5s3Mq6gd5Iq2jdishZNxPdn8A5OfbBjgheCYgehLwZNrpTQA8L9L%2FObbh%2FcuLhOc9DERJtHsgIAhWsLk1aKrsAlZ5jfsvil0QHx%2B2%2BY%2FnJNP8rRP0WcttNN%2FfEBv8YuqHoP%2Bc4cYptGx5qLjzlu3ZrFVLV1Anrp4jKkXTLfjJBcs3Tcd8Z4za00NMm5Bs0gUjqQaLCNp096CRqjGjLAOy7FDYdLL7dSiHHIpA%3D%3D","environmentVariables":{"FIREBASE_CONFIG":"{\"projectId\":\"oneplus-data\",\"storageBucket\":\"oneplus-data.appspot.com\",\"locationId\":\"europe-west6\"}"},"runtime":"nodejs14","ingressSettings":"ALLOW_ALL","buildId":"fdc06758-0d43-4700-b0f7-b40d3b54ae12"},"versionId":"5","updateTime":"2021-07-16T06:27:22Z","buildId":"5348300c-e967-40ac-b294-2353f6784234","buildName":"projects/614483658508/locations/us-central1/builds/5348300c-e967-40ac-b294-2353f6784234"}}
[debug] [2021-07-16T06:27:26.819Z] [update-projects/oneplus-data/locations/us-central1/functions/api] Retrying task index 0
[debug] [2021-07-16T06:27:26.819Z] >>> [apiv2][query] GET https://cloudfunctions.googleapis.com/v1/operations/b25lcGx1cy1kYXRhL3VzLWNlbnRyYWwxL2FwaS9yV1B3bUVsQXNNUQ [none]
[debug] [2021-07-16T06:27:27.021Z] <<< [apiv2][status] GET https://cloudfunctions.googleapis.com/v1/operations/b25lcGx1cy1kYXRhL3VzLWNlbnRyYWwxL2FwaS9yV1B3bUVsQXNNUQ 200
[debug] [2021-07-16T06:27:27.022Z] <<< [apiv2][body] GET https://cloudfunctions.googleapis.com/v1/operations/b25lcGx1cy1kYXRhL3VzLWNlbnRyYWwxL2FwaS9yV1B3bUVsQXNNUQ {"name":"operations/b25lcGx1cy1kYXRhL3VzLWNlbnRyYWwxL2FwaS9yV1B3bUVsQXNNUQ","metadata":{"@type":"type.googleapis.com/google.cloud.functions.v1.OperationMetadataV1","target":"projects/oneplus-data/locations/us-central1/functions/api","type":"UPDATE_FUNCTION","request":{"@type":"type.googleapis.com/google.cloud.functions.v1.CloudFunction","name":"projects/oneplus-data/locations/us-central1/functions/api","httpsTrigger":{"url":"https://us-central1-oneplus-data.cloudfunctions.net/api","securityLevel":"SECURE_OPTIONAL"},"status":"ACTIVE","entryPoint":"api","timeout":"60s","availableMemoryMb":256,"serviceAccountEmail":"oneplus-data@appspot.gserviceaccount.com","updateTime":"2021-07-15T18:54:20.131Z","versionId":"1","labels":{"deployment-tool":"cli-firebase"},"sourceUploadUrl":"https://storage.googleapis.com/gcf-upload-us-central1-5f6aba39-44ac-45db-a40f-87bb1e4f06aa/4066dc82-4dbe-4fbe-a12a-b64a7ae3665b.zip?GoogleAccessId=service-614483658508@gcf-admin-robot.iam.gserviceaccount.com&Expires=1626418638&Signature=rQd5DRO2QILpu3zErZD1w%2BAgZNSZnZqawpUpUWG%2BZenPiOC3iVvKtdWMAHWXqP3F%2FygA9VOXq8DKDcmI%2FjIKC9q52EMbTrZlkIxNi1LRhy4EEelrx5s3Mq6gd5Iq2jdishZNxPdn8A5OfbBjgheCYgehLwZNrpTQA8L9L%2FObbh%2FcuLhOc9DERJtHsgIAhWsLk1aKrsAlZ5jfsvil0QHx%2B2%2BY%2FnJNP8rRP0WcttNN%2FfEBv8YuqHoP%2Bc4cYptGx5qLjzlu3ZrFVLV1Anrp4jKkXTLfjJBcs3Tcd8Z4za00NMm5Bs0gUjqQaLCNp096CRqjGjLAOy7FDYdLL7dSiHHIpA%3D%3D","environmentVariables":{"FIREBASE_CONFIG":"{\"projectId\":\"oneplus-data\",\"storageBucket\":\"oneplus-data.appspot.com\",\"locationId\":\"europe-west6\"}"},"runtime":"nodejs14","ingressSettings":"ALLOW_ALL","buildId":"fdc06758-0d43-4700-b0f7-b40d3b54ae12"},"versionId":"5","updateTime":"2021-07-16T06:27:22Z","buildId":"5348300c-e967-40ac-b294-2353f6784234","buildName":"projects/614483658508/locations/us-central1/builds/5348300c-e967-40ac-b294-2353f6784234"}}
[debug] [2021-07-16T06:27:31.026Z] [update-projects/oneplus-data/locations/us-central1/functions/api] Retrying task index 0
[debug] [2021-07-16T06:27:31.026Z] >>> [apiv2][query] GET https://cloudfunctions.googleapis.com/v1/operations/b25lcGx1cy1kYXRhL3VzLWNlbnRyYWwxL2FwaS9yV1B3bUVsQXNNUQ [none]
[debug] [2021-07-16T06:27:31.218Z] <<< [apiv2][status] GET https://cloudfunctions.googleapis.com/v1/operations/b25lcGx1cy1kYXRhL3VzLWNlbnRyYWwxL2FwaS9yV1B3bUVsQXNNUQ 200
[debug] [2021-07-16T06:27:31.218Z] <<< [apiv2][body] GET https://cloudfunctions.googleapis.com/v1/operations/b25lcGx1cy1kYXRhL3VzLWNlbnRyYWwxL2FwaS9yV1B3bUVsQXNNUQ {"name":"operations/b25lcGx1cy1kYXRhL3VzLWNlbnRyYWwxL2FwaS9yV1B3bUVsQXNNUQ","metadata":{"@type":"type.googleapis.com/google.cloud.functions.v1.OperationMetadataV1","target":"projects/oneplus-data/locations/us-central1/functions/api","type":"UPDATE_FUNCTION","request":{"@type":"type.googleapis.com/google.cloud.functions.v1.CloudFunction","name":"projects/oneplus-data/locations/us-central1/functions/api","httpsTrigger":{"url":"https://us-central1-oneplus-data.cloudfunctions.net/api","securityLevel":"SECURE_OPTIONAL"},"status":"ACTIVE","entryPoint":"api","timeout":"60s","availableMemoryMb":256,"serviceAccountEmail":"oneplus-data@appspot.gserviceaccount.com","updateTime":"2021-07-15T18:54:20.131Z","versionId":"1","labels":{"deployment-tool":"cli-firebase"},"sourceUploadUrl":"https://storage.googleapis.com/gcf-upload-us-central1-5f6aba39-44ac-45db-a40f-87bb1e4f06aa/4066dc82-4dbe-4fbe-a12a-b64a7ae3665b.zip?GoogleAccessId=service-614483658508@gcf-admin-robot.iam.gserviceaccount.com&Expires=1626418638&Signature=rQd5DRO2QILpu3zErZD1w%2BAgZNSZnZqawpUpUWG%2BZenPiOC3iVvKtdWMAHWXqP3F%2FygA9VOXq8DKDcmI%2FjIKC9q52EMbTrZlkIxNi1LRhy4EEelrx5s3Mq6gd5Iq2jdishZNxPdn8A5OfbBjgheCYgehLwZNrpTQA8L9L%2FObbh%2FcuLhOc9DERJtHsgIAhWsLk1aKrsAlZ5jfsvil0QHx%2B2%2BY%2FnJNP8rRP0WcttNN%2FfEBv8YuqHoP%2Bc4cYptGx5qLjzlu3ZrFVLV1Anrp4jKkXTLfjJBcs3Tcd8Z4za00NMm5Bs0gUjqQaLCNp096CRqjGjLAOy7FDYdLL7dSiHHIpA%3D%3D","environmentVariables":{"FIREBASE_CONFIG":"{\"projectId\":\"oneplus-data\",\"storageBucket\":\"oneplus-data.appspot.com\",\"locationId\":\"europe-west6\"}"},"runtime":"nodejs14","ingressSettings":"ALLOW_ALL","buildId":"fdc06758-0d43-4700-b0f7-b40d3b54ae12"},"versionId":"5","updateTime":"2021-07-16T06:27:22Z","buildId":"5348300c-e967-40ac-b294-2353f6784234","buildName":"projects/614483658508/locations/us-central1/builds/5348300c-e967-40ac-b294-2353f6784234"}}
[debug] [2021-07-16T06:27:39.222Z] [update-projects/oneplus-data/locations/us-central1/functions/api] Retrying task index 0
[debug] [2021-07-16T06:27:39.223Z] >>> [apiv2][query] GET https://cloudfunctions.googleapis.com/v1/operations/b25lcGx1cy1kYXRhL3VzLWNlbnRyYWwxL2FwaS9yV1B3bUVsQXNNUQ [none]
[debug] [2021-07-16T06:27:39.443Z] <<< [apiv2][status] GET https://cloudfunctions.googleapis.com/v1/operations/b25lcGx1cy1kYXRhL3VzLWNlbnRyYWwxL2FwaS9yV1B3bUVsQXNNUQ 200
[debug] [2021-07-16T06:27:39.443Z] <<< [apiv2][body] GET https://cloudfunctions.googleapis.com/v1/operations/b25lcGx1cy1kYXRhL3VzLWNlbnRyYWwxL2FwaS9yV1B3bUVsQXNNUQ {"name":"operations/b25lcGx1cy1kYXRhL3VzLWNlbnRyYWwxL2FwaS9yV1B3bUVsQXNNUQ","metadata":{"@type":"type.googleapis.com/google.cloud.functions.v1.OperationMetadataV1","target":"projects/oneplus-data/locations/us-central1/functions/api","type":"UPDATE_FUNCTION","request":{"@type":"type.googleapis.com/google.cloud.functions.v1.CloudFunction","name":"projects/oneplus-data/locations/us-central1/functions/api","httpsTrigger":{"url":"https://us-central1-oneplus-data.cloudfunctions.net/api","securityLevel":"SECURE_OPTIONAL"},"status":"ACTIVE","entryPoint":"api","timeout":"60s","availableMemoryMb":256,"serviceAccountEmail":"oneplus-data@appspot.gserviceaccount.com","updateTime":"2021-07-15T18:54:20.131Z","versionId":"1","labels":{"deployment-tool":"cli-firebase"},"sourceUploadUrl":"https://storage.googleapis.com/gcf-upload-us-central1-5f6aba39-44ac-45db-a40f-87bb1e4f06aa/4066dc82-4dbe-4fbe-a12a-b64a7ae3665b.zip?GoogleAccessId=service-614483658508@gcf-admin-robot.iam.gserviceaccount.com&Expires=1626418638&Signature=rQd5DRO2QILpu3zErZD1w%2BAgZNSZnZqawpUpUWG%2BZenPiOC3iVvKtdWMAHWXqP3F%2FygA9VOXq8DKDcmI%2FjIKC9q52EMbTrZlkIxNi1LRhy4EEelrx5s3Mq6gd5Iq2jdishZNxPdn8A5OfbBjgheCYgehLwZNrpTQA8L9L%2FObbh%2FcuLhOc9DERJtHsgIAhWsLk1aKrsAlZ5jfsvil0QHx%2B2%2BY%2FnJNP8rRP0WcttNN%2FfEBv8YuqHoP%2Bc4cYptGx5qLjzlu3ZrFVLV1Anrp4jKkXTLfjJBcs3Tcd8Z4za00NMm5Bs0gUjqQaLCNp096CRqjGjLAOy7FDYdLL7dSiHHIpA%3D%3D","environmentVariables":{"FIREBASE_CONFIG":"{\"projectId\":\"oneplus-data\",\"storageBucket\":\"oneplus-data.appspot.com\",\"locationId\":\"europe-west6\"}"},"runtime":"nodejs14","ingressSettings":"ALLOW_ALL","buildId":"fdc06758-0d43-4700-b0f7-b40d3b54ae12"},"versionId":"5","updateTime":"2021-07-16T06:27:22Z","buildId":"5348300c-e967-40ac-b294-2353f6784234","buildName":"projects/614483658508/locations/us-central1/builds/5348300c-e967-40ac-b294-2353f6784234"}}
[debug] [2021-07-16T06:27:55.446Z] [update-projects/oneplus-data/locations/us-central1/functions/api] Retrying task index 0
[debug] [2021-07-16T06:27:55.447Z] >>> [apiv2][query] GET https://cloudfunctions.googleapis.com/v1/operations/b25lcGx1cy1kYXRhL3VzLWNlbnRyYWwxL2FwaS9yV1B3bUVsQXNNUQ [none]
[debug] [2021-07-16T06:27:55.684Z] <<< [apiv2][status] GET https://cloudfunctions.googleapis.com/v1/operations/b25lcGx1cy1kYXRhL3VzLWNlbnRyYWwxL2FwaS9yV1B3bUVsQXNNUQ 200
[debug] [2021-07-16T06:27:55.685Z] <<< [apiv2][body] GET https://cloudfunctions.googleapis.com/v1/operations/b25lcGx1cy1kYXRhL3VzLWNlbnRyYWwxL2FwaS9yV1B3bUVsQXNNUQ {"name":"operations/b25lcGx1cy1kYXRhL3VzLWNlbnRyYWwxL2FwaS9yV1B3bUVsQXNNUQ","metadata":{"@type":"type.googleapis.com/google.cloud.functions.v1.OperationMetadataV1","target":"projects/oneplus-data/locations/us-central1/functions/api","type":"UPDATE_FUNCTION","request":{"@type":"type.googleapis.com/google.cloud.functions.v1.CloudFunction","name":"projects/oneplus-data/locations/us-central1/functions/api","httpsTrigger":{"url":"https://us-central1-oneplus-data.cloudfunctions.net/api","securityLevel":"SECURE_OPTIONAL"},"status":"ACTIVE","entryPoint":"api","timeout":"60s","availableMemoryMb":256,"serviceAccountEmail":"oneplus-data@appspot.gserviceaccount.com","updateTime":"2021-07-15T18:54:20.131Z","versionId":"1","labels":{"deployment-tool":"cli-firebase"},"sourceUploadUrl":"https://storage.googleapis.com/gcf-upload-us-central1-5f6aba39-44ac-45db-a40f-87bb1e4f06aa/4066dc82-4dbe-4fbe-a12a-b64a7ae3665b.zip?GoogleAccessId=service-614483658508@gcf-admin-robot.iam.gserviceaccount.com&Expires=1626418638&Signature=rQd5DRO2QILpu3zErZD1w%2BAgZNSZnZqawpUpUWG%2BZenPiOC3iVvKtdWMAHWXqP3F%2FygA9VOXq8DKDcmI%2FjIKC9q52EMbTrZlkIxNi1LRhy4EEelrx5s3Mq6gd5Iq2jdishZNxPdn8A5OfbBjgheCYgehLwZNrpTQA8L9L%2FObbh%2FcuLhOc9DERJtHsgIAhWsLk1aKrsAlZ5jfsvil0QHx%2B2%2BY%2FnJNP8rRP0WcttNN%2FfEBv8YuqHoP%2Bc4cYptGx5qLjzlu3ZrFVLV1Anrp4jKkXTLfjJBcs3Tcd8Z4za00NMm5Bs0gUjqQaLCNp096CRqjGjLAOy7FDYdLL7dSiHHIpA%3D%3D","environmentVariables":{"FIREBASE_CONFIG":"{\"projectId\":\"oneplus-data\",\"storageBucket\":\"oneplus-data.appspot.com\",\"locationId\":\"europe-west6\"}"},"runtime":"nodejs14","ingressSettings":"ALLOW_ALL","buildId":"fdc06758-0d43-4700-b0f7-b40d3b54ae12"},"versionId":"5","updateTime":"2021-07-16T06:27:22Z","buildId":"5348300c-e967-40ac-b294-2353f6784234","buildName":"projects/614483658508/locations/us-central1/builds/5348300c-e967-40ac-b294-2353f6784234"}}
[debug] [2021-07-16T06:28:27.686Z] [update-projects/oneplus-data/locations/us-central1/functions/api] Retrying task index 0
[debug] [2021-07-16T06:28:27.687Z] >>> [apiv2][query] GET https://cloudfunctions.googleapis.com/v1/operations/b25lcGx1cy1kYXRhL3VzLWNlbnRyYWwxL2FwaS9yV1B3bUVsQXNNUQ [none]
[debug] [2021-07-16T06:28:27.884Z] <<< [apiv2][status] GET https://cloudfunctions.googleapis.com/v1/operations/b25lcGx1cy1kYXRhL3VzLWNlbnRyYWwxL2FwaS9yV1B3bUVsQXNNUQ 200
[debug] [2021-07-16T06:28:27.884Z] <<< [apiv2][body] GET https://cloudfunctions.googleapis.com/v1/operations/b25lcGx1cy1kYXRhL3VzLWNlbnRyYWwxL2FwaS9yV1B3bUVsQXNNUQ {"name":"operations/b25lcGx1cy1kYXRhL3VzLWNlbnRyYWwxL2FwaS9yV1B3bUVsQXNNUQ","metadata":{"@type":"type.googleapis.com/google.cloud.functions.v1.OperationMetadataV1","target":"projects/oneplus-data/locations/us-central1/functions/api","type":"UPDATE_FUNCTION","request":{"@type":"type.googleapis.com/google.cloud.functions.v1.CloudFunction","name":"projects/oneplus-data/locations/us-central1/functions/api","httpsTrigger":{"url":"https://us-central1-oneplus-data.cloudfunctions.net/api","securityLevel":"SECURE_OPTIONAL"},"status":"ACTIVE","entryPoint":"api","timeout":"60s","availableMemoryMb":256,"serviceAccountEmail":"oneplus-data@appspot.gserviceaccount.com","updateTime":"2021-07-15T18:54:20.131Z","versionId":"1","labels":{"deployment-tool":"cli-firebase"},"sourceUploadUrl":"https://storage.googleapis.com/gcf-upload-us-central1-5f6aba39-44ac-45db-a40f-87bb1e4f06aa/4066dc82-4dbe-4fbe-a12a-b64a7ae3665b.zip?GoogleAccessId=service-614483658508@gcf-admin-robot.iam.gserviceaccount.com&Expires=1626418638&Signature=rQd5DRO2QILpu3zErZD1w%2BAgZNSZnZqawpUpUWG%2BZenPiOC3iVvKtdWMAHWXqP3F%2FygA9VOXq8DKDcmI%2FjIKC9q52EMbTrZlkIxNi1LRhy4EEelrx5s3Mq6gd5Iq2jdishZNxPdn8A5OfbBjgheCYgehLwZNrpTQA8L9L%2FObbh%2FcuLhOc9DERJtHsgIAhWsLk1aKrsAlZ5jfsvil0QHx%2B2%2BY%2FnJNP8rRP0WcttNN%2FfEBv8YuqHoP%2Bc4cYptGx5qLjzlu3ZrFVLV1Anrp4jKkXTLfjJBcs3Tcd8Z4za00NMm5Bs0gUjqQaLCNp096CRqjGjLAOy7FDYdLL7dSiHHIpA%3D%3D","environmentVariables":{"FIREBASE_CONFIG":"{\"projectId\":\"oneplus-data\",\"storageBucket\":\"oneplus-data.appspot.com\",\"locationId\":\"europe-west6\"}"},"runtime":"nodejs14","ingressSettings":"ALLOW_ALL","buildId":"fdc06758-0d43-4700-b0f7-b40d3b54ae12"},"versionId":"5","updateTime":"2021-07-16T06:27:22Z","buildId":"5348300c-e967-40ac-b294-2353f6784234","buildName":"projects/614483658508/locations/us-central1/builds/5348300c-e967-40ac-b294-2353f6784234"}}
[debug] [2021-07-16T06:29:27.886Z] [update-projects/oneplus-data/locations/us-central1/functions/api] Retrying task index 0
[debug] [2021-07-16T06:29:27.886Z] >>> [apiv2][query] GET https://cloudfunctions.googleapis.com/v1/operations/b25lcGx1cy1kYXRhL3VzLWNlbnRyYWwxL2FwaS9yV1B3bUVsQXNNUQ [none]
[debug] [2021-07-16T06:29:28.104Z] <<< [apiv2][status] GET https://cloudfunctions.googleapis.com/v1/operations/b25lcGx1cy1kYXRhL3VzLWNlbnRyYWwxL2FwaS9yV1B3bUVsQXNNUQ 200
[debug] [2021-07-16T06:29:28.104Z] <<< [apiv2][body] GET https://cloudfunctions.googleapis.com/v1/operations/b25lcGx1cy1kYXRhL3VzLWNlbnRyYWwxL2FwaS9yV1B3bUVsQXNNUQ {"name":"operations/b25lcGx1cy1kYXRhL3VzLWNlbnRyYWwxL2FwaS9yV1B3bUVsQXNNUQ","metadata":{"@type":"type.googleapis.com/google.cloud.functions.v1.OperationMetadataV1","target":"projects/oneplus-data/locations/us-central1/functions/api","type":"UPDATE_FUNCTION","request":{"@type":"type.googleapis.com/google.cloud.functions.v1.CloudFunction","name":"projects/oneplus-data/locations/us-central1/functions/api","httpsTrigger":{"url":"https://us-central1-oneplus-data.cloudfunctions.net/api","securityLevel":"SECURE_OPTIONAL"},"status":"ACTIVE","entryPoint":"api","timeout":"60s","availableMemoryMb":256,"serviceAccountEmail":"oneplus-data@appspot.gserviceaccount.com","updateTime":"2021-07-15T18:54:20.131Z","versionId":"1","labels":{"deployment-tool":"cli-firebase"},"sourceUploadUrl":"https://storage.googleapis.com/gcf-upload-us-central1-5f6aba39-44ac-45db-a40f-87bb1e4f06aa/4066dc82-4dbe-4fbe-a12a-b64a7ae3665b.zip?GoogleAccessId=service-614483658508@gcf-admin-robot.iam.gserviceaccount.com&Expires=1626418638&Signature=rQd5DRO2QILpu3zErZD1w%2BAgZNSZnZqawpUpUWG%2BZenPiOC3iVvKtdWMAHWXqP3F%2FygA9VOXq8DKDcmI%2FjIKC9q52EMbTrZlkIxNi1LRhy4EEelrx5s3Mq6gd5Iq2jdishZNxPdn8A5OfbBjgheCYgehLwZNrpTQA8L9L%2FObbh%2FcuLhOc9DERJtHsgIAhWsLk1aKrsAlZ5jfsvil0QHx%2B2%2BY%2FnJNP8rRP0WcttNN%2FfEBv8YuqHoP%2Bc4cYptGx5qLjzlu3ZrFVLV1Anrp4jKkXTLfjJBcs3Tcd8Z4za00NMm5Bs0gUjqQaLCNp096CRqjGjLAOy7FDYdLL7dSiHHIpA%3D%3D","environmentVariables":{"FIREBASE_CONFIG":"{\"projectId\":\"oneplus-data\",\"storageBucket\":\"oneplus-data.appspot.com\",\"locationId\":\"europe-west6\"}"},"runtime":"nodejs14","ingressSettings":"ALLOW_ALL","buildId":"fdc06758-0d43-4700-b0f7-b40d3b54ae12"},"versionId":"5","updateTime":"2021-07-16T06:29:20Z","buildId":"5348300c-e967-40ac-b294-2353f6784234","sourceToken":"f99d7a02-1725-48f4-9f29-6cc0e09ada65","buildName":"projects/614483658508/locations/us-central1/builds/5348300c-e967-40ac-b294-2353f6784234"},"done":true,"error":{"code":3,"message":"Function failed on loading user code. This is likely due to a bug in the user code. Error message: Error: please examine your function logs to see the error cause: https://cloud.google.com/functions/docs/monitoring/logging#viewing_logs. Additional troubleshooting documentation can be found at https://cloud.google.com/functions/docs/troubleshooting#logging. Please visit https://cloud.google.com/functions/docs/troubleshooting for in-depth troubleshooting documentation."}}
[debug] [2021-07-16T06:29:28.104Z] Got sourceToken f99d7a02-1725-48f4-9f29-6cc0e09ada65 for region us-central1
[debug] [2021-07-16T06:29:28.106Z] Total Function Deployment time: 125897
[debug] [2021-07-16T06:29:28.106Z] 1 Functions Deployed
[debug] [2021-07-16T06:29:28.106Z] 1 Functions Errored
[debug] [2021-07-16T06:29:28.106Z] Average Function Deployment time: 125897
[info] i  functions: cleaning up build files... 
[debug] [2021-07-16T06:29:28.111Z] >>> [apiv2][query] GET https://us.gcr.io/v2/oneplus-data/gcf/us-central1/tags/list [none]
[debug] [2021-07-16T06:29:28.472Z] <<< [apiv2][status] GET https://us.gcr.io/v2/oneplus-data/gcf/us-central1/tags/list 200
[debug] [2021-07-16T06:29:28.472Z] <<< [apiv2][body] GET https://us.gcr.io/v2/oneplus-data/gcf/us-central1/tags/list {"child":["a28e2438-ff1e-4b78-803e-3308ec99781c"],"manifest":{},"name":"oneplus-data/gcf/us-central1","tags":[]}
[debug] [2021-07-16T06:29:28.473Z] >>> [apiv2][query] GET https://us.gcr.io/v2/oneplus-data/gcf/us-central1/a28e2438-ff1e-4b78-803e-3308ec99781c/tags/list [none]
[debug] [2021-07-16T06:29:28.876Z] <<< [apiv2][status] GET https://us.gcr.io/v2/oneplus-data/gcf/us-central1/a28e2438-ff1e-4b78-803e-3308ec99781c/tags/list 200
[debug] [2021-07-16T06:29:28.876Z] <<< [apiv2][body] GET https://us.gcr.io/v2/oneplus-data/gcf/us-central1/a28e2438-ff1e-4b78-803e-3308ec99781c/tags/list {"child":["cache"],"manifest":{"sha256:0cb844bb56bb3b6bf39bd4f08256a568f12337de08f939712f9b8e3bae035a68":{"imageSizeBytes":"436873457","layerId":"","mediaType":"application/vnd.docker.distribution.manifest.v2+json","tag":["api_version-5","latest"],"timeCreatedMs":"315532801000","timeUploadedMs":"1626416920325"}},"name":"oneplus-data/gcf/us-central1/a28e2438-ff1e-4b78-803e-3308ec99781c","tags":["api_version-5","latest"]}
[debug] [2021-07-16T06:29:28.878Z] >>> [apiv2][query] GET https://us.gcr.io/v2/oneplus-data/gcf/us-central1/a28e2438-ff1e-4b78-803e-3308ec99781c/cache/tags/list [none]
[debug] [2021-07-16T06:29:28.879Z] >>> [apiv2][query] DELETE https://us.gcr.io/v2/oneplus-data/gcf/us-central1/a28e2438-ff1e-4b78-803e-3308ec99781c/manifests/api_version-5 [none]
[debug] [2021-07-16T06:29:28.880Z] >>> [apiv2][query] DELETE https://us.gcr.io/v2/oneplus-data/gcf/us-central1/a28e2438-ff1e-4b78-803e-3308ec99781c/manifests/latest [none]
[debug] [2021-07-16T06:29:29.287Z] <<< [apiv2][status] GET https://us.gcr.io/v2/oneplus-data/gcf/us-central1/a28e2438-ff1e-4b78-803e-3308ec99781c/cache/tags/list 200
[debug] [2021-07-16T06:29:29.288Z] <<< [apiv2][body] GET https://us.gcr.io/v2/oneplus-data/gcf/us-central1/a28e2438-ff1e-4b78-803e-3308ec99781c/cache/tags/list {"child":[],"manifest":{"sha256:32dead37cf76c9dd642916cb1a846ddc701eee2ea4ec780a7ad07d72c3925205":{"imageSizeBytes":"25223748","layerId":"","mediaType":"application/vnd.docker.distribution.manifest.v2+json","tag":["latest"],"timeCreatedMs":"315532801000","timeUploadedMs":"1626416920788"}},"name":"oneplus-data/gcf/us-central1/a28e2438-ff1e-4b78-803e-3308ec99781c/cache","tags":["latest"]}
[debug] [2021-07-16T06:29:29.288Z] >>> [apiv2][query] DELETE https://us.gcr.io/v2/oneplus-data/gcf/us-central1/a28e2438-ff1e-4b78-803e-3308ec99781c/cache/manifests/latest [none]
[debug] [2021-07-16T06:29:29.290Z] <<< [apiv2][status] DELETE https://us.gcr.io/v2/oneplus-data/gcf/us-central1/a28e2438-ff1e-4b78-803e-3308ec99781c/manifests/api_version-5 202
[debug] [2021-07-16T06:29:29.290Z] <<< [apiv2][body] DELETE https://us.gcr.io/v2/oneplus-data/gcf/us-central1/a28e2438-ff1e-4b78-803e-3308ec99781c/manifests/api_version-5 {"errors":[]}
[debug] [2021-07-16T06:29:29.561Z] <<< [apiv2][status] DELETE https://us.gcr.io/v2/oneplus-data/gcf/us-central1/a28e2438-ff1e-4b78-803e-3308ec99781c/manifests/latest 202
[debug] [2021-07-16T06:29:29.563Z] <<< [apiv2][body] DELETE https://us.gcr.io/v2/oneplus-data/gcf/us-central1/a28e2438-ff1e-4b78-803e-3308ec99781c/manifests/latest {"errors":[]}
[debug] [2021-07-16T06:29:29.563Z] >>> [apiv2][query] DELETE https://us.gcr.io/v2/oneplus-data/gcf/us-central1/a28e2438-ff1e-4b78-803e-3308ec99781c/manifests/sha256:0cb844bb56bb3b6bf39bd4f08256a568f12337de08f939712f9b8e3bae035a68 [none]
[debug] [2021-07-16T06:29:29.691Z] <<< [apiv2][status] DELETE https://us.gcr.io/v2/oneplus-data/gcf/us-central1/a28e2438-ff1e-4b78-803e-3308ec99781c/cache/manifests/latest 202
[debug] [2021-07-16T06:29:29.691Z] <<< [apiv2][body] DELETE https://us.gcr.io/v2/oneplus-data/gcf/us-central1/a28e2438-ff1e-4b78-803e-3308ec99781c/cache/manifests/latest {"errors":[]}
[debug] [2021-07-16T06:29:29.691Z] >>> [apiv2][query] DELETE https://us.gcr.io/v2/oneplus-data/gcf/us-central1/a28e2438-ff1e-4b78-803e-3308ec99781c/cache/manifests/sha256:32dead37cf76c9dd642916cb1a846ddc701eee2ea4ec780a7ad07d72c3925205 [none]
[debug] [2021-07-16T06:29:31.255Z] <<< [apiv2][status] DELETE https://us.gcr.io/v2/oneplus-data/gcf/us-central1/a28e2438-ff1e-4b78-803e-3308ec99781c/cache/manifests/sha256:32dead37cf76c9dd642916cb1a846ddc701eee2ea4ec780a7ad07d72c3925205 202
[debug] [2021-07-16T06:29:31.255Z] <<< [apiv2][body] DELETE https://us.gcr.io/v2/oneplus-data/gcf/us-central1/a28e2438-ff1e-4b78-803e-3308ec99781c/cache/manifests/sha256:32dead37cf76c9dd642916cb1a846ddc701eee2ea4ec780a7ad07d72c3925205 {"errors":[]}
[debug] [2021-07-16T06:29:31.744Z] <<< [apiv2][status] DELETE https://us.gcr.io/v2/oneplus-data/gcf/us-central1/a28e2438-ff1e-4b78-803e-3308ec99781c/manifests/sha256:0cb844bb56bb3b6bf39bd4f08256a568f12337de08f939712f9b8e3bae035a68 202
[debug] [2021-07-16T06:29:31.744Z] <<< [apiv2][body] DELETE https://us.gcr.io/v2/oneplus-data/gcf/us-central1/a28e2438-ff1e-4b78-803e-3308ec99781c/manifests/sha256:0cb844bb56bb3b6bf39bd4f08256a568f12337de08f939712f9b8e3bae035a68 {"errors":[]}
[debug] [2021-07-16T06:29:31.745Z] > refreshing access token with scopes: ["email","https://www.googleapis.com/auth/cloud-platform","https://www.googleapis.com/auth/cloudplatformprojects.readonly","https://www.googleapis.com/auth/firebase","openid"]
[debug] [2021-07-16T06:29:31.745Z] >>> HTTP REQUEST POST https://www.googleapis.com/oauth2/v3/token  
 <request body omitted>
[debug] [2021-07-16T06:29:31.816Z] <<< HTTP RESPONSE 200 {"pragma":"no-cache","cache-control":"no-cache, no-store, max-age=0, must-revalidate","date":"Fri, 16 Jul 2021 06:29:31 GMT","expires":"Mon, 01 Jan 1990 00:00:00 GMT","content-type":"application/json; charset=utf-8","vary":"X-Origin, Referer, Origin,Accept-Encoding","server":"scaffolding on HTTPServer2","x-xss-protection":"0","x-frame-options":"SAMEORIGIN","x-content-type-options":"nosniff","alt-svc":"h3=\":443\"; ma=2592000,h3-29=\":443\"; ma=2592000,h3-T051=\":443\"; ma=2592000,h3-Q050=\":443\"; ma=2592000,h3-Q046=\":443\"; ma=2592000,h3-Q043=\":443\"; ma=2592000,quic=\":443\"; ma=2592000; v=\"46,43\"","accept-ranges":"none","transfer-encoding":"chunked"}
[debug] [2021-07-16T06:29:31.835Z] >>> HTTP REQUEST GET https://cloudfunctions.googleapis.com/v1/projects/oneplus-data/locations/-/functions  
 
[debug] [2021-07-16T06:29:32.300Z] <<< HTTP RESPONSE 200 {"content-type":"application/json; charset=UTF-8","vary":"X-Origin, Referer, Origin,Accept-Encoding","date":"Fri, 16 Jul 2021 06:29:32 GMT","server":"ESF","cache-control":"private","x-xss-protection":"0","x-frame-options":"SAMEORIGIN","x-content-type-options":"nosniff","alt-svc":"h3=\":443\"; ma=2592000,h3-29=\":443\"; ma=2592000,h3-T051=\":443\"; ma=2592000,h3-Q050=\":443\"; ma=2592000,h3-Q046=\":443\"; ma=2592000,h3-Q043=\":443\"; ma=2592000,quic=\":443\"; ma=2592000; v=\"46,43\"","accept-ranges":"none","transfer-encoding":"chunked"}
[info] 
Functions deploy had errors with the following functions:
[info] 	api(us-central1)
[info] 
To try redeploying those functions, run:
[info]     firebase deploy --only "functions:api"
[info] 
To continue deploying other features (such as database), run:
[info]     firebase deploy --except functions
[debug] [2021-07-16T06:29:32.302Z] 	Error during update for projects/oneplus-data/locations/us-central1/functions/api: 
[error] 
[error] Error: Functions did not deploy properly.
